2025-04-22T00:01:28.077+01:00  WARN 19504 --- [http-nio-8088-exec-1] .m.m.a.ExceptionHandlerExceptionResolver : Resolved [org.springframework.web.servlet.resource.NoResourceFoundException: No static resource api/utilisateurs/11.]
2025-04-22T00:01:28.076+01:00  WARN 19504 --- [http-nio-8088-exec-9] .m.m.a.ExceptionHandlerExceptionResolver : Resolved [org.springframework.web.servlet.resource.NoResourceFoundException: No static resource api/utilisateurs/12.]
2025-04-22T00:01:34.644+01:00  WARN 19504 --- [http-nio-8088-exec-2] .m.m.a.ExceptionHandlerExceptionResolver : Resolved [org.springframework.web.servlet.resource.NoResourceFoundException: No static resource api/utilisateurs/12.]
2025-04-22T00:01:34.645+01:00  WARN 19504 --- [http-nio-8088-exec-4] .m.m.a.ExceptionHandlerExceptionResolver : Resolved [org.springframework.web.servlet.resource.NoResourceFoundException: No static resource api/utilisateurs/11.]
2025-04-22T00:01:38.202+01:00  WARN 19504 --- [http-nio-8088-exec-7] .m.m.a.ExceptionHandlerExceptionResolver : Resolved [org.springframework.web.servlet.resource.NoResourceFoundException: No static resource api/utilisateurs/11.]
2025-04-22T00:01:38.204+01:00  WARN 19504 --- [http-nio-8088-exec-1] .m.m.a.ExceptionHandlerExceptionResolver : Resolved [org.springframework.web.servlet.resource.NoResourceFoundException: No static resource api/utilisateurs/12.]
2025-04-22T00:08:50.596+01:00  WARN 19504 --- [http-nio-8088-exec-7] .m.m.a.ExceptionHandlerExceptionResolver : Resolved [org.springframework.web.servlet.resource.NoResourceFoundException: No static resource api/utilisateurs/11.]
2025-04-22T00:08:50.614+01:00  WARN 19504 --- [http-nio-8088-exec-1] .m.m.a.ExceptionHandlerExceptionResolver : Resolved [org.springframework.web.servlet.resource.NoResourceFoundException: No static resource api/utilisateurs/12.]
2025-04-22T00:08:50.634+01:00  WARN 19504 --- [http-nio-8088-exec-9] .m.m.a.ExceptionHandlerExceptionResolver : Resolved [org.springframework.web.servlet.resource.NoResourceFoundException: No static resource api/utilisateurs/by-ids.]
2025-04-22T00:09:33.345+01:00  WARN 19504 --- [http-nio-8088-exec-10] .m.m.a.ExceptionHandlerExceptionResolver : Resolved [org.springframework.web.servlet.resource.NoResourceFoundException: No static resource api/utilisateurs/11.]
2025-04-22T00:09:33.392+01:00  WARN 19504 --- [http-nio-8088-exec-2] .m.m.a.ExceptionHandlerExceptionResolver : Resolved [org.springframework.web.servlet.resource.NoResourceFoundException: No static resource api/utilisateurs/12.]
2025-04-22T00:09:33.395+01:00  WARN 19504 --- [http-nio-8088-exec-4] .m.m.a.ExceptionHandlerExceptionResolver : Resolved [org.springframework.web.servlet.resource.NoResourceFoundException: No static resource api/utilisateurs/by-ids.]
2025-04-22T00:09:43.970+01:00  WARN 19504 --- [http-nio-8088-exec-5] .m.m.a.ExceptionHandlerExceptionResolver : Resolved [org.springframework.web.servlet.resource.NoResourceFoundException: No static resource api/utilisateurs/11.]
2025-04-22T00:09:43.973+01:00  WARN 19504 --- [http-nio-8088-exec-7] .m.m.a.ExceptionHandlerExceptionResolver : Resolved [org.springframework.web.servlet.resource.NoResourceFoundException: No static resource api/utilisateurs/by-ids.]
2025-04-22T00:09:43.972+01:00  WARN 19504 --- [http-nio-8088-exec-8] .m.m.a.ExceptionHandlerExceptionResolver : Resolved [org.springframework.web.servlet.resource.NoResourceFoundException: No static resource api/utilisateurs/12.]
2025-04-22T00:09:48.258+01:00  WARN 19504 --- [http-nio-8088-exec-6] .m.m.a.ExceptionHandlerExceptionResolver : Resolved [org.springframework.web.servlet.resource.NoResourceFoundException: No static resource api/utilisateurs/11.]
2025-04-22T00:09:48.261+01:00  WARN 19504 --- [http-nio-8088-exec-10] .m.m.a.ExceptionHandlerExceptionResolver : Resolved [org.springframework.web.servlet.resource.NoResourceFoundException: No static resource api/utilisateurs/12.]
2025-04-22T00:09:48.260+01:00  WARN 19504 --- [http-nio-8088-exec-2] .m.m.a.ExceptionHandlerExceptionResolver : Resolved [org.springframework.web.servlet.resource.NoResourceFoundException: No static resource api/utilisateurs/by-ids.]
2025-04-22T00:11:44.481+01:00  WARN 19504 --- [http-nio-8088-exec-3] .m.m.a.ExceptionHandlerExceptionResolver : Resolved [org.springframework.web.servlet.resource.NoResourceFoundException: No static resource api/utilisateurs/11.]
2025-04-22T00:11:44.517+01:00  WARN 19504 --- [http-nio-8088-exec-5] .m.m.a.ExceptionHandlerExceptionResolver : Resolved [org.springframework.web.servlet.resource.NoResourceFoundException: No static resource api/utilisateurs/12.]
2025-04-22T00:11:44.569+01:00  WARN 19504 --- [http-nio-8088-exec-7] .m.m.a.ExceptionHandlerExceptionResolver : Resolved [org.springframework.web.servlet.resource.NoResourceFoundException: No static resource api/utilisateurs/by-ids.]
2025-04-22T00:12:13.695+01:00  WARN 19504 --- [http-nio-8088-exec-9] .m.m.a.ExceptionHandlerExceptionResolver : Resolved [org.springframework.web.servlet.resource.NoResourceFoundException: No static resource api/utilisateurs/11.]
2025-04-22T00:12:13.695+01:00  WARN 19504 --- [http-nio-8088-exec-10] .m.m.a.ExceptionHandlerExceptionResolver : Resolved [org.springframework.web.servlet.resource.NoResourceFoundException: No static resource api/utilisateurs/by-ids.]
2025-04-22T00:12:13.695+01:00  WARN 19504 --- [http-nio-8088-exec-6] .m.m.a.ExceptionHandlerExceptionResolver : Resolved [org.springframework.web.servlet.resource.NoResourceFoundException: No static resource api/utilisateurs/12.]
2025-04-22T00:12:17.999+01:00  WARN 19504 --- [http-nio-8088-exec-5] .m.m.a.ExceptionHandlerExceptionResolver : Resolved [org.springframework.web.servlet.resource.NoResourceFoundException: No static resource api/utilisateurs/11.]
2025-04-22T00:12:18.001+01:00  WARN 19504 --- [http-nio-8088-exec-7] .m.m.a.ExceptionHandlerExceptionResolver : Resolved [org.springframework.web.servlet.resource.NoResourceFoundException: No static resource api/utilisateurs/12.]
2025-04-22T00:12:18.005+01:00  WARN 19504 --- [http-nio-8088-exec-8] .m.m.a.ExceptionHandlerExceptionResolver : Resolved [org.springframework.web.servlet.resource.NoResourceFoundException: No static resource api/utilisateurs/by-ids.]
2025-04-22T00:12:23.675+01:00  WARN 19504 --- [http-nio-8088-exec-10] .m.m.a.ExceptionHandlerExceptionResolver : Resolved [org.springframework.web.servlet.resource.NoResourceFoundException: No static resource api/utilisateurs/11.]
2025-04-22T00:12:23.680+01:00  WARN 19504 --- [http-nio-8088-exec-2] .m.m.a.ExceptionHandlerExceptionResolver : Resolved [org.springframework.web.servlet.resource.NoResourceFoundException: No static resource api/utilisateurs/by-ids.]
2025-04-22T00:12:23.682+01:00  WARN 19504 --- [http-nio-8088-exec-6] .m.m.a.ExceptionHandlerExceptionResolver : Resolved [org.springframework.web.servlet.resource.NoResourceFoundException: No static resource api/utilisateurs/12.]
2025-04-22T00:12:59.385+01:00  WARN 19504 --- [http-nio-8088-exec-5] .m.m.a.ExceptionHandlerExceptionResolver : Resolved [org.springframework.web.servlet.resource.NoResourceFoundException: No static resource api/utilisateurs/11.]
2025-04-22T00:12:59.389+01:00  WARN 19504 --- [http-nio-8088-exec-8] .m.m.a.ExceptionHandlerExceptionResolver : Resolved [org.springframework.web.servlet.resource.NoResourceFoundException: No static resource api/utilisateurs/by-ids.]
2025-04-22T00:12:59.390+01:00  WARN 19504 --- [http-nio-8088-exec-7] .m.m.a.ExceptionHandlerExceptionResolver : Resolved [org.springframework.web.servlet.resource.NoResourceFoundException: No static resource api/utilisateurs/12.]
2025-04-22T00:16:43.920+01:00  INFO 19504 --- [SpringApplicationShutdownHook] j.LocalContainerEntityManagerFactoryBean : Closing JPA EntityManagerFactory for persistence unit 'default'
2025-04-22T00:16:43.943+01:00  INFO 19504 --- [SpringApplicationShutdownHook] com.zaxxer.hikari.HikariDataSource       : HikariPool-1 - Shutdown initiated...
2025-04-22T00:16:43.975+01:00  INFO 19504 --- [SpringApplicationShutdownHook] com.zaxxer.hikari.HikariDataSource       : HikariPool-1 - Shutdown completed.
